#
# There is insufficient memory for the Java Runtime Environment to continue.
# Native memory allocation (mmap) failed to map 255852544 bytes for G1 virtual space
# Possible reasons:
#   The system is out of physical RAM or swap space
#   The process is running with CompressedOops enabled, and the Java Heap may be blocking the growth of the native heap
# Possible solutions:
#   Reduce memory load on the system
#   Increase physical memory or swap space
#   Check if swap backing store is full
#   Decrease Java heap size (-Xmx/-Xms)
#   Decrease number of Java threads
#   Decrease Java thread stack sizes (-Xss)
#   Set larger code cache with -XX:ReservedCodeCacheSize=
#   JVM is running with Zero Based Compressed Oops mode in which the Java heap is
#     placed in the first 32GB address space. The Java Heap base address is the
#     maximum limit for the native heap growth. Please use -XX:HeapBaseMinAddress
#     to set the Java Heap base and to place the Java Heap above 32GB virtual address.
# This output file may be truncated or incomplete.
#
#  Out of Memory Error (os_windows.cpp:3600), pid=30324, tid=32136
#
# JRE version:  (21.0.5+9) (build )
# Java VM: Java HotSpot(TM) 64-Bit Server VM (21.0.5+9-LTS-239, mixed mode, emulated-client, sharing, tiered, compressed oops, compressed class ptrs, g1 gc, windows-amd64)
# No core dump will be written. Minidumps are not enabled by default on client versions of Windows
#

---------------  S U M M A R Y ------------

Command Line: -Dcom.sun.management.jmxremote -Dcom.sun.management.jmxremote.port=51286 -Dcom.sun.management.jmxremote.authenticate=false -Dcom.sun.management.jmxremote.ssl=false -Djava.rmi.server.hostname=localhost -Dspring.jmx.enabled=true -Dmanagement.endpoints.jmx.exposure.include=* -Dspring.application.admin.enabled=true -Dspring.output.ansi.enabled=always -XX:TieredStopAtLevel=1 -Dspring.boot.project.name=OnlineCabBooking_Backend -Dfile.encoding=UTF-8 -Dstdout.encoding=UTF-8 -Dstderr.encoding=UTF-8 -XX:+ShowCodeDetailsInExceptionMessages com.cabbooking.Application

Host: AMD Ryzen 7 7445HS w/ Radeon 740M Graphics     , 12 cores, 15G,  Windows 11 , 64 bit Build 26100 (10.0.26100.8875)
Time: Wed Jul 22 17:54:22 2026 India Standard Time elapsed time: 0.011371 seconds (0d 0h 0m 0s)

---------------  T H R E A D  ---------------

Current thread (0x000001c518bc1120):  JavaThread "Unknown thread" [_thread_in_vm, id=32136, stack(0x0000000c9d800000,0x0000000c9d900000) (1024K)]

Stack: [0x0000000c9d800000,0x0000000c9d900000]
Native frames: (J=compiled Java code, j=interpreted, Vv=VM code, C=native code)
V  [jvm.dll+0x6ca289]
V  [jvm.dll+0x854a51]
V  [jvm.dll+0x856f7e]
V  [jvm.dll+0x857653]
V  [jvm.dll+0x27dd26]
V  [jvm.dll+0x6c6a25]
V  [jvm.dll+0x6bb5aa]
V  [jvm.dll+0x35359a]
V  [jvm.dll+0x35b1f6]
V  [jvm.dll+0x3adade]
V  [jvm.dll+0x3add88]
V  [jvm.dll+0x3278fc]
V  [jvm.dll+0x32845b]
V  [jvm.dll+0x81de19]
V  [jvm.dll+0x3ba7c1]
V  [jvm.dll+0x807168]
V  [jvm.dll+0x44f96e]
V  [jvm.dll+0x451561]
C  [jli.dll+0x52a3]
C  [ucrtbase.dll+0x2cd30]
C  [KERNEL32.DLL+0x2e957]
C  [ntdll.dll+0xaad6c]


---------------  P R O C E S S  ---------------

Threads class SMR info:
_java_thread_list=0x00007ff8c4beac08, length=0, elements={
}

Java Threads: ( => current thread )
Total: 0

Other Threads:
  0x000001c518c21250 WorkerThread "GC Thread#0"                     [id=31104, stack(0x0000000c9d900000,0x0000000c9da00000) (1024K)]
  0x000001c518c31400 ConcurrentGCThread "G1 Main Marker"            [id=22184, stack(0x0000000c9da00000,0x0000000c9db00000) (1024K)]
  0x000001c518c33330 WorkerThread "G1 Conc#0"                       [id=18648, stack(0x0000000c9db00000,0x0000000c9dc00000) (1024K)]

[error occurred during error reporting (printing all threads), id 0xc0000005, EXCEPTION_ACCESS_VIOLATION (0xc0000005) at pc=0x00007ff8c435a087]
VM state: not at safepoint (not fully initialized)

VM Mutex/Monitor currently owned by a thread:  ([mutex/lock_event])
[0x00007ff8c4c5bf98] Heap_lock - owner thread: 0x000001c518bc1120

Heap address: 0x000000070c400000, size: 3900 MB, Compressed Oops mode: Zero based, Oop shift amount: 3

CDS archive(s) mapped at: [0x0000000000000000-0x0000000000000000-0x0000000000000000), size 0, SharedBaseAddress: 0x0000000800000000, ArchiveRelocationMode: 1.
Narrow klass base: 0x0000000000000000, Narrow klass shift: 0, Narrow klass range: 0x0

GC Precious Log:
 CardTable entry size: 512
 Card Set container configuration: InlinePtr #cards 4 size 8 Array Of Cards #cards 16 size 48 Howl #buckets 8 coarsen threshold 3686 Howl Bitmap #cards 512 size 80 coarsen threshold 460 Card regions per heap region 1 cards per card region 4096

Heap:
 garbage-first heap   total 0K, used 0K [0x000000070c400000, 0x0000000800000000)
  region size 2048K, 0 young (0K), 0 survivors (0K)

[error occurred during error reporting (printing heap information), id 0xc0000005, EXCEPTION_ACCESS_VIOLATION (0xc0000005) at pc=0x00007ff8c4743259]
GC Heap History (0 events):
No events

Dll operation events (1 events):
Event: 0.007 Loaded shared library C:\Program Files\Java\jdk-21\bin\java.dll

Deoptimization events (0 events):
No events

Classes loaded (0 events):
No events

Classes unloaded (0 events):
No events

Classes redefined (0 events):
No events

Internal exceptions (0 events):
No events

ZGC Phase Switch (0 events):
No events

VM Operations (0 events):
No events

Events (0 events):
No events


Dynamic libraries:
0x00007ff70ea10000 - 0x00007ff70ea20000 	C:\Program Files\Java\jdk-21\bin\javaw.exe
0x00007ff97d020000 - 0x00007ff97d286000 	C:\Windows\SYSTEM32\ntdll.dll
0x00007ff97b110000 - 0x00007ff97b1d9000 	C:\Windows\System32\KERNEL32.DLL
0x00007ff97a4e0000 - 0x00007ff97a8de000 	C:\Windows\System32\KERNELBASE.dll
0x00007ff97a2d0000 - 0x00007ff97a41c000 	C:\Windows\System32\ucrtbase.dll
0x00007ff94f760000 - 0x00007ff94f77b000 	C:\Program Files\Java\jdk-21\bin\VCRUNTIME140.dll
0x00007ff930020000 - 0x00007ff930039000 	C:\Program Files\Java\jdk-21\bin\jli.dll
0x00007ff97cf20000 - 0x00007ff97cfd7000 	C:\Windows\System32\ADVAPI32.dll
0x00007ff97cb60000 - 0x00007ff97cc09000 	C:\Windows\System32\msvcrt.dll
0x00007ff97b060000 - 0x00007ff97b10a000 	C:\Windows\System32\sechost.dll
0x00007ff97c790000 - 0x00007ff97c8a8000 	C:\Windows\System32\RPCRT4.dll
0x00007ff97c8f0000 - 0x00007ff97cab7000 	C:\Windows\System32\USER32.dll
0x00007ff9632e0000 - 0x00007ff963572000 	C:\Windows\WinSxS\amd64_microsoft.windows.common-controls_6595b64144ccf1df_6.0.26100.8875_none_3e0d5d42e32fe9dd\COMCTL32.dll
0x00007ff97ad20000 - 0x00007ff97ad47000 	C:\Windows\System32\win32u.dll
0x00007ff97af70000 - 0x00007ff97af9b000 	C:\Windows\System32\GDI32.dll
0x00007ff97abf0000 - 0x00007ff97ad1a000 	C:\Windows\System32\gdi32full.dll
0x00007ff97a430000 - 0x00007ff97a4d3000 	C:\Windows\System32\msvcp_win.dll
0x00007ff970ca0000 - 0x00007ff970cab000 	C:\Windows\SYSTEM32\VERSION.dll
0x00007ff97c8b0000 - 0x00007ff97c8e2000 	C:\Windows\System32\IMM32.DLL
0x00007ff9748d0000 - 0x00007ff9748dc000 	C:\Program Files\Java\jdk-21\bin\vcruntime140_1.dll
0x00007ff92ff90000 - 0x00007ff93001e000 	C:\Program Files\Java\jdk-21\bin\msvcp140.dll
0x00007ff8c4020000 - 0x00007ff8c4d38000 	C:\Program Files\Java\jdk-21\bin\server\jvm.dll
0x00007ff97cc30000 - 0x00007ff97ccb0000 	C:\Windows\System32\WS2_32.dll
0x00007ff97a0a0000 - 0x00007ff97a0fe000 	C:\Windows\SYSTEM32\POWRPROF.dll
0x00007ff96c090000 - 0x00007ff96c0c6000 	C:\Windows\SYSTEM32\WINMM.dll
0x00007ff97a080000 - 0x00007ff97a094000 	C:\Windows\SYSTEM32\UMPDC.dll
0x00007ff978f20000 - 0x00007ff978f3b000 	C:\Windows\SYSTEM32\kernel.appcore.dll
0x00007ff945af0000 - 0x00007ff945afa000 	C:\Program Files\Java\jdk-21\bin\jimage.dll
0x00007ff96f9b0000 - 0x00007ff96fbf2000 	C:\Windows\SYSTEM32\DBGHELP.DLL
0x00007ff97c370000 - 0x00007ff97c6f3000 	C:\Windows\System32\combase.dll
0x00007ff97bc30000 - 0x00007ff97bd09000 	C:\Windows\System32\OLEAUT32.dll
0x00007ff95ce80000 - 0x00007ff95cebb000 	C:\Windows\SYSTEM32\dbgcore.DLL
0x00007ff97a8f0000 - 0x00007ff97a99c000 	C:\Windows\System32\bcryptPrimitives.dll
0x00007ff92ff70000 - 0x00007ff92ff8f000 	C:\Program Files\Java\jdk-21\bin\java.dll

dbghelp: loaded successfully - version: 4.0.5 - missing functions: none
symbol engine: initialized successfully - sym options: 0x614 - pdb path: .;C:\Program Files\Java\jdk-21\bin;C:\Windows\SYSTEM32;C:\Windows\WinSxS\amd64_microsoft.windows.common-controls_6595b64144ccf1df_6.0.26100.8875_none_3e0d5d42e32fe9dd;C:\Program Files\Java\jdk-21\bin\server

VM Arguments:
jvm_args: -Dcom.sun.management.jmxremote -Dcom.sun.management.jmxremote.port=51286 -Dcom.sun.management.jmxremote.authenticate=false -Dcom.sun.management.jmxremote.ssl=false -Djava.rmi.server.hostname=localhost -Dspring.jmx.enabled=true -Dmanagement.endpoints.jmx.exposure.include=* -Dspring.application.admin.enabled=true -Dspring.output.ansi.enabled=always -XX:TieredStopAtLevel=1 -Dspring.boot.project.name=OnlineCabBooking_Backend -Dfile.encoding=UTF-8 -Dstdout.encoding=UTF-8 -Dstderr.encoding=UTF-8 -XX:+ShowCodeDetailsInExceptionMessages 
java_command: com.cabbooking.Application
java_class_path (initial): D:\project online cab booking\gitProject\Online_Cab_Booking\OnlineCabBooking_Backend\target\classes;C:\Users\lolea\.m2\repository\org\springframework\boot\spring-boot-starter-web\3.5.16\spring-boot-starter-web-3.5.16.jar;C:\Users\lolea\.m2\repository\org\springframework\boot\spring-boot-starter\3.5.16\spring-boot-starter-3.5.16.jar;C:\Users\lolea\.m2\repository\org\springframework\boot\spring-boot-starter-logging\3.5.16\spring-boot-starter-logging-3.5.16.jar;C:\Users\lolea\.m2\repository\ch\qos\logback\logback-classic\1.5.34\logback-classic-1.5.34.jar;C:\Users\lolea\.m2\repository\ch\qos\logback\logback-core\1.5.34\logback-core-1.5.34.jar;C:\Users\lolea\.m2\repository\org\apache\logging\log4j\log4j-to-slf4j\2.24.3\log4j-to-slf4j-2.24.3.jar;C:\Users\lolea\.m2\repository\org\apache\logging\log4j\log4j-api\2.24.3\log4j-api-2.24.3.jar;C:\Users\lolea\.m2\repository\org\slf4j\jul-to-slf4j\2.0.18\jul-to-slf4j-2.0.18.jar;C:\Users\lolea\.m2\repository\jakarta\annotation\jakarta.annotation-api\2.1.1\jakarta.annotation-api-2.1.1.jar;C:\Users\lolea\.m2\repository\org\yaml\snakeyaml\2.4\snakeyaml-2.4.jar;C:\Users\lolea\.m2\repository\org\springframework\boot\spring-boot-starter-json\3.5.16\spring-boot-starter-json-3.5.16.jar;C:\Users\lolea\.m2\repository\com\fasterxml\jackson\datatype\jackson-datatype-jdk8\2.21.4\jackson-datatype-jdk8-2.21.4.jar;C:\Users\lolea\.m2\repository\com\fasterxml\jackson\datatype\jackson-datatype-jsr310\2.21.4\jackson-datatype-jsr310-2.21.4.jar;C:\Users\lolea\.m2\repository\com\fasterxml\jackson\module\jackson-module-parameter-names\2.21.4\jackson-module-parameter-names-2.21.4.jar;C:\Users\lolea\.m2\repository\org\springframework\boot\spring-boot-starter-tomcat\3.5.16\spring-boot-starter-tomcat-3.5.16.jar;C:\Users\lolea\.m2\repository\org\apache\tomcat\embed\tomcat-embed-core\10.1.55\tomcat-embed-core-10.1.55.jar;C:\Users\lolea\.m2\repository\org\apache\tomcat\embed\tomcat-embed-websocket\10.1.55\tomcat-embed-websocket-10.1.55.jar;C:\Users\lolea\.m2\repository\org\springframework\spring-web\6.2.19\spring-web-6.2.19.jar;C:\Users\lolea\.m2\repository\org\springframework\spring-beans\6.2.19\spring-beans-6.2.19.jar;C:\Users\lolea\.m2\repository\org\springframework\spring-webmvc\6.2.19\spring-webmvc-6.2.19.jar;C:\Users\lolea\.m2\repository\org\springframework\spring-context\6.2.19\spring-context-6.2.19.jar;C:\Users\lolea\.m2\repository\org\springframework\spring-expression\6.2.19\spring-expression-6.2.19.jar;C:\Users\lolea\.m2\repository\org\springframework\boot\spring-boot-starter-data-jpa\3.5.16\spring-boot-starter-data-jpa-3.5.16.jar;C:\Users\lolea\.m2\repository\org\springframework\boot\spring-boot-starter-jdbc\3.5.16\spring-boot-starter-jdbc-3.5.16.jar;C:\Users\lolea\.m2\repository\com\zaxxer\HikariCP\6.3.3\HikariCP-6.3.3.jar;C:\Users\lolea\.m2\repository\org\springframework\spring-jdbc\6.2.19\spring-jdbc-6.2.19.jar;C:\Users\lolea\.m2\repository\org\hibernate\orm\hibernate-core\6.6.53.Final\hibernate-core-6.6.53.Final.jar;C:\Users\lolea\.m2\repository\jakarta\persistence\jakarta.persistence-api\3.1.0\jakarta.persistence-api-3.1.0.jar;C:\Users\lolea\.m2\repository\jakarta\transaction\jakarta.transaction-api\2.0.1\jakarta.transaction-api-2.0.1.jar;C:\Users\lolea\.m2\repository\org\jboss\logging\jboss-logging\3.6.3.Final\jboss-logging-3.6.3.Final.jar;C:\Users\lolea\.m2\repository\org\hibernate\common\hibernate-commons-annotations\7.0.3.Final\hibernate-commons-annotations-7.0.3.Final.jar;C:\Users\lolea\.m2\repository\io\smallrye\jandex\3.2.0\jandex-3.2.0.jar;C:\Users\lolea\.m2\repository\com\fasterxml\classmate\1.7.3\classmate-1.7.3.jar;C:\Users\lolea\.m2\repository\net\bytebuddy\byte-buddy\1.17.8\byte-buddy-1.17.8.jar;C:\Users\lolea\.m2\repository\org\glassfish\jaxb\jaxb-runtime\4.0.9\jaxb-runtime-4.0.9.jar;C:\Users\lolea\.m2\repository\org\glassfish\jaxb\jaxb-core\4.0.9\jaxb-core-4.0.9.jar;C:\Users\lolea\.m2\repository\org\glassfish\jaxb\txw2\4.0.9\txw2-4.0.9.jar;C:\Users\lolea\.m2\repository\com\sun\istack\istack-commons-runtime\4.1.2\istack-commons-runtime-4.1.2.jar;C:\Users\lolea\.m2\repository\jakarta\inject\jakarta.inject-api\2.0.1\jakarta.inject-api-2.0.1.jar;C:\Users\lolea\.m2\repository\org\antlr\antlr4-runtime\4.13.2\antlr4-runtime-4.13.2.jar;C:\Users\lolea\.m2\repository\org\springframework\data\spring-data-jpa\3.5.13\spring-data-jpa-3.5.13.jar;C:\Users\lolea\.m2\repository\org\springframework\data\spring-data-commons\3.5.13\spring-data-commons-3.5.13.jar;C:\Users\lolea\.m2\repository\org\springframework\spring-orm\6.2.19\spring-orm-6.2.19.jar;C:\Users\lolea\.m2\repository\org\springframework\spring-tx\6.2.19\spring-tx-6.2.19.jar;C:\Users\lolea\.m2\repository\org\slf4j\slf4j-api\2.0.18\slf4j-api-2.0.18.jar;C:\Users\lolea\.m2\repository\org\springframework\spring-aspects\6.2.19\spring-aspects-6.2.19.jar;C:\Users\lolea\.m2\repository\org\aspectj\aspectjweaver\1.9.25.1\aspectjweaver-1.9.25.1.jar;C:\Users\lolea\.m2\repository\org\springframework\boot\spring-boot-starter-validation\3.5.16\spring-boot-starter-validation-3.5.16.jar;C:\Users\lolea\.m2\repository\org\apache\tomcat\embed\tomcat-embed-el\10.1.55\tomcat-embed-el-10.1.55.jar;C:\Users\lolea\.m2\repository\org\hibernate\validator\hibernate-validator\8.0.3.Final\hibernate-validator-8.0.3.Final.jar;C:\Users\lolea\.m2\repository\jakarta\validation\jakarta.validation-api\3.0.2\jakarta.validation-api-3.0.2.jar;C:\Users\lolea\.m2\repository\org\springframework\boot\spring-boot-starter-security\3.5.16\spring-boot-starter-security-3.5.16.jar;C:\Users\lolea\.m2\repository\org\springframework\spring-aop\6.2.19\spring-aop-6.2.19.jar;C:\Users\lolea\.m2\repository\org\springframework\security\spring-security-config\6.5.11\spring-security-config-6.5.11.jar;C:\Users\lolea\.m2\repository\org\springframework\security\spring-security-core\6.5.11\spring-security-core-6.5.11.jar;C:\Users\lolea\.m2\repository\org\springframework\security\spring-security-crypto\6.5.11\spring-security-crypto-6.5.11.jar;C:\Users\lolea\.m2\repository\org\springframework\security\spring-security-web\6.5.11\spring-security-web-6.5.11.jar;C:\Users\lolea\.m2\repository\org\springframework\boot\spring-boot-starter-mail\3.5.16\spring-boot-starter-mail-3.5.16.jar;C:\Users\lolea\.m2\repository\org\springframework\spring-context-support\6.2.19\spring-context-support-6.2.19.jar;C:\Users\lolea\.m2\repository\org\eclipse\angus\jakarta.mail\2.0.5\jakarta.mail-2.0.5.jar;C:\Users\lolea\.m2\repository\jakarta\activation\jakarta.activation-api\2.1.4\jakarta.activation-api-2.1.4.jar;C:\Users\lolea\.m2\repository\org\eclipse\angus\angus-activation\2.0.3\angus-activation-2.0.3.jar;C:\Users\lolea\.m2\repository\org\springframework\boot\spring-boot-starter-actuator\3.5.16\spring-boot-starter-actuator-3.5.16.jar;C:\Users\lolea\.m2\repository\org\springframework\boot\spring-boot-actuator-autoconfigure\3.5.16\spring-boot-actuator-autoconfigure-3.5.16.jar;C:\Users\lolea\.m2\repository\org\springframework\boot\spring-boot-actuator\3.5.16\spring-boot-actuator-3.5.16.jar;C:\Users\lolea\.m2\repository\io\micrometer\micrometer-observation\1.15.12\micrometer-observation-1.15.12.jar;C:\Users\lolea\.m2\repository\io\micrometer\micrometer-commons\1.15.12\micrometer-commons-1.15.12.jar;C:\Users\lolea\.m2\repository\io\micrometer\micrometer-jakarta9\1.15.12\micrometer-jakarta9-1.15.12.jar;C:\Users\lolea\.m2\repository\io\micrometer\micrometer-core\1.15.12\micrometer-core-1.15.12.jar;C:\Users\lolea\.m2\repository\org\hdrhistogram\HdrHistogram\2.2.2\HdrHistogram-2.2.2.jar;C:\Users\lolea\.m2\repository\org\latencyutils\LatencyUtils\2.0.3\LatencyUtils-2.0.3.jar;C:\Users\lolea\.m2\repository\com\mysql\mysql-connector-j\9.7.0\mysql-connector-j-9.7.0.jar;C:\Users\lolea\.m2\repository\org\projectlombok\lombok\1.18.46\lombok-1.18.46.jar;C:\Users\lolea\.m2\repository\org\springframework\boot\spring-boot-devtools\3.5.16\spring-boot-devtools-3.5.16.jar;C:\Users\lolea\.m2\repository\org\springframework\boot\spring-boot\3.5.16\spring-boot-3.5.16.jar;C:\Users\lolea\.m2\repository\org\springframework\boot\spring-boot-autoconfigure\3.5.16\spring-boot-autoconfigure-3.5.16.jar;C:\Users\lolea\.m2\repository\io\jsonwebtoken\jjwt-api\0.12.7\jjwt-api-0.12.7.jar;C:\Users\lolea\.m2\repository\io\jsonwebtoken\jjwt-impl\0.12.7\jjwt-impl-0.12.7.jar;C:\Users\lolea\.m2\repository\io\jsonwebtoken\jjwt-jackson\0.12.7\jjwt-jackson-0.12.7.jar;C:\Users\lolea\.m2\repository\com\fasterxml\jackson\core\jackson-databind\2.21.4\jackson-databind-2.21.4.jar;C:\Users\lolea\.m2\repository\com\fasterxml\jackson\core\jackson-annotations\2.21\jackson-annotations-2.21.jar;C:\Users\lolea\.m2\repository\com\fasterxml\jackson\core\jackson-core\2.21.4\jackson-core-2.21.4.jar;C:\Users\lolea\.m2\repository\org\springdoc\springdoc-openapi-starter-webmvc-ui\2.8.9\springdoc-openapi-starter-webmvc-ui-2.8.9.jar;C:\Users\lolea\.m2\repository\org\springdoc\springdoc-openapi-starter-webmvc-api\2.8.9\springdoc-openapi-starter-webmvc-api-2.8.9.jar;C:\Users\lolea\.m2\repository\org\springdoc\springdoc-openapi-starter-common\2.8.9\springdoc-openapi-starter-common-2.8.9.jar;C:\Users\lolea\.m2\repository\io\swagger\core\v3\swagger-core-jakarta\2.2.30\swagger-core-jakarta-2.2.30.jar;C:\Users\lolea\.m2\repository\org\apache\commons\commons-lang3\3.17.0\commons-lang3-3.17.0.jar;C:\Users\lolea\.m2\repository\io\swagger\core\v3\swagger-annotations-jakarta\2.2.30\swagger-annotations-jakarta-2.2.30.jar;C:\Users\lolea\.m2\repository\io\swagger\core\v3\swagger-models-jakarta\2.2.30\swagger-models-jakarta-2.2.30.jar;C:\Users\lolea\.m2\repository\com\fasterxml\jackson\dataformat\jackson-dataformat-yaml\2.21.4\jackson-dataformat-yaml-2.21.4.jar;C:\Users\lolea\.m2\repository\org\webjars\swagger-ui\5.21.0\swagger-ui-5.21.0.jar;C:\Users\lolea\.m2\repository\org\webjars\webjars-locator-lite\1.1.3\webjars-locator-lite-1.1.3.jar;C:\Users\lolea\.m2\repository\org\jspecify\jspecify\1.0.0\jspecify-1.0.0.jar;C:\Users\lolea\.m2\repository\org\modelmapper\modelmapper\3.2.1\modelmapper-3.2.1.jar;C:\Users\lolea\.m2\repository\jakarta\xml\bind\jakarta.xml.bind-api\4.0.5\jakarta.xml.bind-api-4.0.5.jar;C:\Users\lolea\.m2\repository\org\springframework\spring-core\6.2.19\spring-core-6.2.19.jar;C:\Users\lolea\.m2\repository\org\springframework\spring-jcl\6.2.19\spring-jcl-6.2.19.jar
Launcher Type: SUN_STANDARD

[Global flags]
     intx CICompilerCount                          = 4                                         {product} {ergonomic}
     uint ConcGCThreads                            = 3                                         {product} {ergonomic}
     uint G1ConcRefinementThreads                  = 10                                        {product} {ergonomic}
   size_t G1HeapRegionSize                         = 2097152                                   {product} {ergonomic}
    uintx GCDrainStackTargetSize                   = 64                                        {product} {ergonomic}
   size_t InitialHeapSize                          = 255852544                                 {product} {ergonomic}
     bool ManagementServer                         = true                                      {product} {command line}
   size_t MarkStackSize                            = 4194304                                   {product} {ergonomic}
   size_t MaxHeapSize                              = 4089446400                                {product} {ergonomic}
   size_t MinHeapDeltaBytes                        = 2097152                                   {product} {ergonomic}
   size_t MinHeapSize                              = 8388608                                   {product} {ergonomic}
    uintx NonNMethodCodeHeapSize                   = 4096                                   {pd product} {ergonomic}
    uintx NonProfiledCodeHeapSize                  = 0                                      {pd product} {ergonomic}
     bool ProfileInterpreter                       = false                                  {pd product} {command line}
    uintx ProfiledCodeHeapSize                     = 0                                      {pd product} {ergonomic}
     bool ShowCodeDetailsInExceptionMessages       = true                                   {manageable} {command line}
   size_t SoftMaxHeapSize                          = 4089446400                             {manageable} {ergonomic}
     intx TieredStopAtLevel                        = 1                                         {product} {command line}
     bool UseCompressedOops                        = true                           {product lp64_product} {ergonomic}
     bool UseG1GC                                  = true                                      {product} {ergonomic}
     bool UseLargePagesIndividualAllocation        = false                                  {pd product} {ergonomic}

Logging:
Log output configuration:
 #0: stdout all=warning uptime,level,tags foldmultilines=false
 #1: stderr all=off uptime,level,tags foldmultilines=false

Environment Variables:
JAVA_HOME=C:\Program Files\Java\jdk-21\bin
PATH=D:/Ad java & Apache/Advanced java/sts-5.0.1.RELEASE/sts-5.0.1.RELEASE//plugins/org.eclipse.justj.openjdk.hotspot.jre.full.win32.x86_64_25.0.1.v20251108-1451/jre/bin/server;D:/Ad java & Apache/Advanced java/sts-5.0.1.RELEASE/sts-5.0.1.RELEASE//plugins/org.eclipse.justj.openjdk.hotspot.jre.full.win32.x86_64_25.0.1.v20251108-1451/jre/bin;C:\Program Files\MySQL\MySQL Server 8.0\bin;C:\Program Files\Java\jdk-21\bin;C:\TDM-GCC-64\bin;C:\Program Files\Git\cmd;C:\Program Files\nodejs;C:\Program Files\dotnet\;C:\Program Files\Microsoft SQL Server\Client SDK\ODBC\170\Tools\Binn\;C:\Program Files\Microsoft SQL Server\Client SDK\ODBC\180\Tools\Binn\;C:\Program Files (x86)\Microsoft SQL Server\170\Tools\Binn\;C:\Program Files\Microsoft SQL Server\170\Tools\Binn\;C:\Program Files\Microsoft SQL Server\170\DTS\Binn\;D:\Program Files\Redis\Redis-x64-5.0.14.1;D:\Program Files\Redis\;C:\Windows\System32;C:\Program Files\MySQL\MySQL Server 8.0\bin;C:\Users\lolea\AppData\Local\GitHubDesktop\bin;C:\Program Files\MongoDB\Server\7.0\bin;C:\Users\lolea\AppData\Local\Programs\Microsoft VS Code\bin;C:\Users\lolea\AppData\Roaming\npm;C:\Users\lolea\.dotnet\tools;;D:\Ad java & Apache\Advanced java\sts-5.0.1.RELEASE\sts-5.0.1.RELEASE;
USERNAME=lolea
OS=Windows_NT
PROCESSOR_IDENTIFIER=AMD64 Family 25 Model 124 Stepping 0, AuthenticAMD
TMP=C:\Users\lolea\AppData\Local\Temp
TEMP=C:\Users\lolea\AppData\Local\Temp




Periodic native trim disabled

---------------  S Y S T E M  ---------------

OS:
 Windows 11 , 64 bit Build 26100 (10.0.26100.8875)
OS uptime: 0 days 9:47 hours
Hyper-V role detected

CPU: total 12 (initial active 12) (12 cores per cpu, 2 threads per core) family 25 model 124 stepping 0 microcode 0xa70c00a, cx8, cmov, fxsr, ht, mmx, 3dnowpref, sse, sse2, sse3, ssse3, sse4a, sse4.1, sse4.2, popcnt, lzcnt, tsc, tscinvbit, avx, avx2, aes, erms, clmul, bmi1, bmi2, adx, avx512f, avx512dq, avx512cd, avx512bw, avx512vl, sha, fma, vzeroupper, avx512_vpopcntdq, avx512_vpclmulqdq, avx512_vaes, avx512_vnni, clflush, clflushopt, avx512_vbmi2, avx512_vbmi, hv, rdtscp, rdpid, fsrm, gfni, avx512_bitalg, f16c, cet_ss, avx512_ifma
Processor Information for all 12 processors :
  Max Mhz: 3201, Current Mhz: 3201, Mhz Limit: 3201

Memory: 4k page, system-wide physical 15596M (3089M free)
TotalPageFile size 22098M (AvailPageFile size 197M)
current process WorkingSet (physical memory assigned to process): 13M, peak: 13M
current process commit charge ("private bytes"): 59M, peak: 303M

vm_info: Java HotSpot(TM) 64-Bit Server VM (21.0.5+9-LTS-239) for windows-amd64 JRE (21.0.5+9-LTS-239), built on 2024-09-30T05:17:38Z by "mach5one" with MS VC++ 17.6 (VS2022)

END.
